<?xml version="1.0" encoding="UTF-8"?>
<!-- Generated by org.testng.reporters.JUnitXMLReporter -->
<testsuite ignored="5" hostname="Shahnozas-MacBook-Air.local" failures="0" tests="1" name="Custom Test" time="6.295" errors="0" timestamp="2023-02-27T20:28:41 MST">
  <testcase classname="com.exelenter.testcases.LoginTest" name="validAdminLogin" time="0.998"/>
  <testcase classname="com.exelenter.testcases.LoginTest" name="validUserInvalidPassword" time="0.0">
    <ignored/>
  </testcase> <!-- validUserInvalidPassword -->
  <testcase classname="com.exelenter.testcases.LoginTest" name="validUserEmptyPassword" time="0.0">
    <ignored/>
  </testcase> <!-- validUserEmptyPassword -->
  <testcase classname="com.exelenter.testcases.AddEmployeeFromExcel" name="addEmployeeTest" time="0.0">
    <ignored/>
  </testcase> <!-- addEmployeeTest -->
  <testcase classname="com.exelenter.testcases.LoginTestNegative" name="userLogin" time="0.0">
    <ignored/>
  </testcase> <!-- userLogin -->
  <testcase classname="com.exelenter.testcases.AddEmployeeTest" name="addEmployeeTest" time="0.0">
    <ignored/>
  </testcase> <!-- addEmployeeTest -->
</testsuite> <!-- Custom Test -->
