<?xml version="1.0" encoding="UTF-8"?>
<!-- Generated by org.testng.reporters.JUnitXMLReporter -->
<testsuite ignored="3" hostname="Shahnozas-MacBook-Air.local" failures="0" tests="3" name="Smoke Test" time="18.04" errors="0" timestamp="2023-03-18T09:04:49 MDT">
  <testcase classname="com.exelenter.testcases.LoginTest" name="validAdminLogin" time="0.949"/>
  <testcase classname="com.exelenter.testcases.LoginTest" name="validUserEmptyPassword" time="0.28"/>
  <testcase classname="com.exelenter.testcases.LoginTest" name="validUserInvalidPassword" time="0.539"/>
  <testcase classname="com.exelenter.testcases.AddEmployeeTest" name="addEmployeeTest" time="0.0">
    <ignored/>
  </testcase> <!-- addEmployeeTest -->
  <testcase classname="com.exelenter.testcases.LoginTestNegative" name="userLogin" time="0.0">
    <ignored/>
  </testcase> <!-- userLogin -->
  <testcase classname="com.exelenter.testcases.AddEmployeeFromExcel" name="addEmployeeTest" time="0.0">
    <ignored/>
  </testcase> <!-- addEmployeeTest -->
</testsuite> <!-- Smoke Test -->
