<?xml version="1.0" encoding="UTF-8"?>
<testng-results ignored="0" total="3" passed="3" failed="0" skipped="0">
  <reporter-output>
  </reporter-output>
  <suite started-at="2023-11-26T13:39:55 PST" name="Smoke Test Suite" finished-at="2023-11-26T13:40:22 PST" duration-ms="27289">
    <groups>
      <group name="regression">
        <method signature="LoginTest.validAdminLogin()[pri:0, instance:com.exelenter.testcases.LoginTest@a9cd3b1]" name="validAdminLogin" class="com.exelenter.testcases.LoginTest"/>
      </group> <!-- regression -->
      <group name="smoke">
        <method signature="LoginTest.validAdminLogin()[pri:0, instance:com.exelenter.testcases.LoginTest@a9cd3b1]" name="validAdminLogin" class="com.exelenter.testcases.LoginTest"/>
        <method signature="LoginTest.validUserEmptyPassword()[pri:0, instance:com.exelenter.testcases.LoginTest@a9cd3b1]" name="validUserEmptyPassword" class="com.exelenter.testcases.LoginTest"/>
        <method signature="LoginTest.validUserInvalidPassword()[pri:0, instance:com.exelenter.testcases.LoginTest@a9cd3b1]" name="validUserInvalidPassword" class="com.exelenter.testcases.LoginTest"/>
      </group> <!-- smoke -->
      <group name="singleTest">
        <method signature="LoginTest.validAdminLogin()[pri:0, instance:com.exelenter.testcases.LoginTest@a9cd3b1]" name="validAdminLogin" class="com.exelenter.testcases.LoginTest"/>
      </group> <!-- singleTest -->
    </groups>
    <test started-at="2023-11-26T13:39:55 PST" name="Smoke Test" finished-at="2023-11-26T13:40:22 PST" duration-ms="27289">
      <class name="com.exelenter.testcases.LoginTest">
        <test-method is-config="true" signature="setUp()[pri:0, instance:com.exelenter.testcases.LoginTest@a9cd3b1]" started-at="2023-11-26T13:39:55 PST" name="setUp" finished-at="2023-11-26T13:40:01 PST" duration-ms="6280" status="PASS">
          <reporter-output>
          </reporter-output>
        </test-method> <!-- setUp -->
        <test-method signature="validAdminLogin()[pri:0, instance:com.exelenter.testcases.LoginTest@a9cd3b1]" started-at="2023-11-26T13:40:01 PST" name="validAdminLogin" finished-at="2023-11-26T13:40:03 PST" duration-ms="1906" status="PASS">
          <reporter-output>
          </reporter-output>
        </test-method> <!-- validAdminLogin -->
        <test-method is-config="true" signature="tearDown()[pri:0, instance:com.exelenter.testcases.LoginTest@a9cd3b1]" started-at="2023-11-26T13:40:03 PST" name="tearDown" finished-at="2023-11-26T13:40:05 PST" duration-ms="2098" status="PASS">
          <reporter-output>
          </reporter-output>
        </test-method> <!-- tearDown -->
        <test-method is-config="true" signature="setUp()[pri:0, instance:com.exelenter.testcases.LoginTest@a9cd3b1]" started-at="2023-11-26T13:40:05 PST" name="setUp" finished-at="2023-11-26T13:40:11 PST" duration-ms="5436" status="PASS">
          <reporter-output>
          </reporter-output>
        </test-method> <!-- setUp -->
        <test-method signature="validUserEmptyPassword()[pri:0, instance:com.exelenter.testcases.LoginTest@a9cd3b1]" started-at="2023-11-26T13:40:11 PST" name="validUserEmptyPassword" finished-at="2023-11-26T13:40:11 PST" duration-ms="444" status="PASS">
          <reporter-output>
          </reporter-output>
        </test-method> <!-- validUserEmptyPassword -->
        <test-method is-config="true" signature="tearDown()[pri:0, instance:com.exelenter.testcases.LoginTest@a9cd3b1]" started-at="2023-11-26T13:40:11 PST" name="tearDown" finished-at="2023-11-26T13:40:13 PST" duration-ms="2087" status="PASS">
          <reporter-output>
          </reporter-output>
        </test-method> <!-- tearDown -->
        <test-method is-config="true" signature="setUp()[pri:0, instance:com.exelenter.testcases.LoginTest@a9cd3b1]" started-at="2023-11-26T13:40:13 PST" name="setUp" finished-at="2023-11-26T13:40:19 PST" duration-ms="5308" status="PASS">
          <reporter-output>
          </reporter-output>
        </test-method> <!-- setUp -->
        <test-method signature="validUserInvalidPassword()[pri:0, instance:com.exelenter.testcases.LoginTest@a9cd3b1]" started-at="2023-11-26T13:40:19 PST" name="validUserInvalidPassword" finished-at="2023-11-26T13:40:20 PST" depends-on-methods="com.exelenter.testcases.LoginTest.validUserEmptyPassword" duration-ms="1537" status="PASS">
          <reporter-output>
          </reporter-output>
        </test-method> <!-- validUserInvalidPassword -->
        <test-method is-config="true" signature="tearDown()[pri:0, instance:com.exelenter.testcases.LoginTest@a9cd3b1]" started-at="2023-11-26T13:40:20 PST" name="tearDown" finished-at="2023-11-26T13:40:22 PST" duration-ms="2094" status="PASS">
          <reporter-output>
          </reporter-output>
        </test-method> <!-- tearDown -->
      </class> <!-- com.exelenter.testcases.LoginTest -->
    </test> <!-- Smoke Test -->
  </suite> <!-- Smoke Test Suite -->
</testng-results>
