<?xml version="1.0" encoding="UTF-8"?>
<testng-results ignored="0" total="4" passed="1" failed="3" skipped="0">
  <reporter-output>
  </reporter-output>
  <suite started-at="2023-03-10T21:09:01 MST" name="Default Suite" finished-at="2023-03-10T21:09:58 MST" duration-ms="56973">
    <groups>
      <group name="excel">
        <method signature="AddEmployeeFromExcel.addEmployeeTest(java.lang.String,java.lang.String,java.lang.String,java.lang.String)[pri:0, instance:com.exelenter.testcases.AddEmployeeFromExcel@548a102f]" name="addEmployeeTest" class="com.exelenter.testcases.AddEmployeeFromExcel"/>
      </group> <!-- excel -->
      <group name="regression">
        <method signature="AddEmployeeFromExcel.addEmployeeTest(java.lang.String,java.lang.String,java.lang.String,java.lang.String)[pri:0, instance:com.exelenter.testcases.AddEmployeeFromExcel@548a102f]" name="addEmployeeTest" class="com.exelenter.testcases.AddEmployeeFromExcel"/>
      </group> <!-- regression -->
    </groups>
    <test started-at="2023-03-10T21:09:01 MST" name="TestNGFrameworkB1" finished-at="2023-03-10T21:09:58 MST" duration-ms="56973">
      <class name="com.exelenter.testcases.AddEmployeeFromExcel">
        <test-method is-config="true" signature="setUp()[pri:0, instance:com.exelenter.testcases.AddEmployeeFromExcel@548a102f]" started-at="2023-03-10T21:09:01 MST" name="setUp" finished-at="2023-03-10T21:09:07 MST" duration-ms="5528" status="PASS">
          <reporter-output>
          </reporter-output>
        </test-method> <!-- setUp -->
        <test-method signature="addEmployeeTest(java.lang.String,java.lang.String,java.lang.String,java.lang.String)[pri:0, instance:com.exelenter.testcases.AddEmployeeFromExcel@548a102f]" started-at="2023-03-10T21:09:07 MST" name="addEmployeeTest" data-provider="readFromExcel" finished-at="2023-03-10T21:09:16 MST" duration-ms="8920" status="FAIL">
          <params>
            <param index="0">
              <value>
                <![CDATA[William]]>
              </value>
            </param>
            <param index="1">
              <value>
                <![CDATA[Adams]]>
              </value>
            </param>
            <param index="2">
              <value>
                <![CDATA[willAdams1233]]>
              </value>
            </param>
            <param index="3">
              <value>
                <![CDATA[willAdam_@2023]]>
              </value>
            </param>
          </params>
          <exception class="java.lang.RuntimeException">
            <message>
              <![CDATA[Employee is not added. Username or ID already exits.]]>
            </message>
            <full-stacktrace>
              <![CDATA[java.lang.RuntimeException: Employee is not added. Username or ID already exits.
at com.exelenter.testcases.AddEmployeeFromExcel.addEmployeeTest(AddEmployeeFromExcel.java:71)
at java.base/jdk.internal.reflect.DirectMethodHandleAccessor.invoke(DirectMethodHandleAccessor.java:104)
at java.base/java.lang.reflect.Method.invoke(Method.java:577)
at org.testng.internal.invokers.MethodInvocationHelper.invokeMethod(MethodInvocationHelper.java:139)
at org.testng.internal.invokers.TestInvoker.invokeMethod(TestInvoker.java:677)
at org.testng.internal.invokers.TestInvoker.invokeTestMethod(TestInvoker.java:221)
at org.testng.internal.invokers.MethodRunner.runInSequence(MethodRunner.java:50)
at org.testng.internal.invokers.TestInvoker$MethodInvocationAgent.invoke(TestInvoker.java:969)
at org.testng.internal.invokers.TestInvoker.invokeTestMethods(TestInvoker.java:194)
at org.testng.internal.invokers.TestMethodWorker.invokeTestMethods(TestMethodWorker.java:148)
at org.testng.internal.invokers.TestMethodWorker.run(TestMethodWorker.java:128)
at java.base/java.util.ArrayList.forEach(ArrayList.java:1511)
at org.testng.TestRunner.privateRun(TestRunner.java:829)
at org.testng.TestRunner.run(TestRunner.java:602)
at org.testng.SuiteRunner.runTest(SuiteRunner.java:437)
at org.testng.SuiteRunner.runSequentially(SuiteRunner.java:431)
at org.testng.SuiteRunner.privateRun(SuiteRunner.java:391)
at org.testng.SuiteRunner.run(SuiteRunner.java:330)
at org.testng.SuiteRunnerWorker.runSuite(SuiteRunnerWorker.java:52)
at org.testng.SuiteRunnerWorker.run(SuiteRunnerWorker.java:95)
at org.testng.TestNG.runSuitesSequentially(TestNG.java:1256)
at org.testng.TestNG.runSuitesLocally(TestNG.java:1176)
at org.testng.TestNG.runSuites(TestNG.java:1099)
at org.testng.TestNG.run(TestNG.java:1067)
at com.intellij.rt.testng.IDEARemoteTestNG.run(IDEARemoteTestNG.java:66)
at com.intellij.rt.testng.RemoteTestNGStarter.main(RemoteTestNGStarter.java:109)
]]>
            </full-stacktrace>
          </exception> <!-- java.lang.RuntimeException -->
          <reporter-output>
          </reporter-output>
        </test-method> <!-- addEmployeeTest -->
        <test-method is-config="true" signature="tearDown()[pri:0, instance:com.exelenter.testcases.AddEmployeeFromExcel@548a102f]" started-at="2023-03-10T21:09:16 MST" name="tearDown" finished-at="2023-03-10T21:09:18 MST" duration-ms="2542" status="PASS">
          <reporter-output>
          </reporter-output>
        </test-method> <!-- tearDown -->
        <test-method is-config="true" signature="setUp()[pri:0, instance:com.exelenter.testcases.AddEmployeeFromExcel@548a102f]" started-at="2023-03-10T21:09:18 MST" name="setUp" finished-at="2023-03-10T21:09:21 MST" duration-ms="2958" status="PASS">
          <reporter-output>
          </reporter-output>
        </test-method> <!-- setUp -->
        <test-method signature="addEmployeeTest(java.lang.String,java.lang.String,java.lang.String,java.lang.String)[pri:0, instance:com.exelenter.testcases.AddEmployeeFromExcel@548a102f]" started-at="2023-03-10T21:09:21 MST" name="addEmployeeTest" data-provider="readFromExcel" finished-at="2023-03-10T21:09:29 MST" duration-ms="7721" status="FAIL">
          <params>
            <param index="0">
              <value>
                <![CDATA[Elizabeth]]>
              </value>
            </param>
            <param index="1">
              <value>
                <![CDATA[Lee]]>
              </value>
            </param>
            <param index="2">
              <value>
                <![CDATA[elizabethLee3132]]>
              </value>
            </param>
            <param index="3">
              <value>
                <![CDATA[eliLee_@2023]]>
              </value>
            </param>
          </params>
          <exception class="java.lang.RuntimeException">
            <message>
              <![CDATA[Employee is not added. Username or ID already exits.]]>
            </message>
            <full-stacktrace>
              <![CDATA[java.lang.RuntimeException: Employee is not added. Username or ID already exits.
at com.exelenter.testcases.AddEmployeeFromExcel.addEmployeeTest(AddEmployeeFromExcel.java:71)
at java.base/jdk.internal.reflect.DirectMethodHandleAccessor.invoke(DirectMethodHandleAccessor.java:104)
at java.base/java.lang.reflect.Method.invoke(Method.java:577)
at org.testng.internal.invokers.MethodInvocationHelper.invokeMethod(MethodInvocationHelper.java:139)
at org.testng.internal.invokers.TestInvoker.invokeMethod(TestInvoker.java:677)
at org.testng.internal.invokers.TestInvoker.invokeTestMethod(TestInvoker.java:221)
at org.testng.internal.invokers.MethodRunner.runInSequence(MethodRunner.java:50)
at org.testng.internal.invokers.TestInvoker$MethodInvocationAgent.invoke(TestInvoker.java:969)
at org.testng.internal.invokers.TestInvoker.invokeTestMethods(TestInvoker.java:194)
at org.testng.internal.invokers.TestMethodWorker.invokeTestMethods(TestMethodWorker.java:148)
at org.testng.internal.invokers.TestMethodWorker.run(TestMethodWorker.java:128)
at java.base/java.util.ArrayList.forEach(ArrayList.java:1511)
at org.testng.TestRunner.privateRun(TestRunner.java:829)
at org.testng.TestRunner.run(TestRunner.java:602)
at org.testng.SuiteRunner.runTest(SuiteRunner.java:437)
at org.testng.SuiteRunner.runSequentially(SuiteRunner.java:431)
at org.testng.SuiteRunner.privateRun(SuiteRunner.java:391)
at org.testng.SuiteRunner.run(SuiteRunner.java:330)
at org.testng.SuiteRunnerWorker.runSuite(SuiteRunnerWorker.java:52)
at org.testng.SuiteRunnerWorker.run(SuiteRunnerWorker.java:95)
at org.testng.TestNG.runSuitesSequentially(TestNG.java:1256)
at org.testng.TestNG.runSuitesLocally(TestNG.java:1176)
at org.testng.TestNG.runSuites(TestNG.java:1099)
at org.testng.TestNG.run(TestNG.java:1067)
at com.intellij.rt.testng.IDEARemoteTestNG.run(IDEARemoteTestNG.java:66)
at com.intellij.rt.testng.RemoteTestNGStarter.main(RemoteTestNGStarter.java:109)
]]>
            </full-stacktrace>
          </exception> <!-- java.lang.RuntimeException -->
          <reporter-output>
          </reporter-output>
        </test-method> <!-- addEmployeeTest -->
        <test-method is-config="true" signature="tearDown()[pri:0, instance:com.exelenter.testcases.AddEmployeeFromExcel@548a102f]" started-at="2023-03-10T21:09:29 MST" name="tearDown" finished-at="2023-03-10T21:09:31 MST" duration-ms="2488" status="PASS">
          <reporter-output>
          </reporter-output>
        </test-method> <!-- tearDown -->
        <test-method is-config="true" signature="setUp()[pri:0, instance:com.exelenter.testcases.AddEmployeeFromExcel@548a102f]" started-at="2023-03-10T21:09:31 MST" name="setUp" finished-at="2023-03-10T21:09:34 MST" duration-ms="2687" status="PASS">
          <reporter-output>
          </reporter-output>
        </test-method> <!-- setUp -->
        <test-method signature="addEmployeeTest(java.lang.String,java.lang.String,java.lang.String,java.lang.String)[pri:0, instance:com.exelenter.testcases.AddEmployeeFromExcel@548a102f]" started-at="2023-03-10T21:09:34 MST" name="addEmployeeTest" data-provider="readFromExcel" finished-at="2023-03-10T21:09:42 MST" duration-ms="7938" status="FAIL">
          <params>
            <param index="0">
              <value>
                <![CDATA[Tyler]]>
              </value>
            </param>
            <param index="1">
              <value>
                <![CDATA[Nguyen]]>
              </value>
            </param>
            <param index="2">
              <value>
                <![CDATA[tylerNguyen3132]]>
              </value>
            </param>
            <param index="3">
              <value>
                <![CDATA[tylerNguyen_@2023]]>
              </value>
            </param>
          </params>
          <exception class="java.lang.RuntimeException">
            <message>
              <![CDATA[Employee is not added. Username or ID already exits.]]>
            </message>
            <full-stacktrace>
              <![CDATA[java.lang.RuntimeException: Employee is not added. Username or ID already exits.
at com.exelenter.testcases.AddEmployeeFromExcel.addEmployeeTest(AddEmployeeFromExcel.java:71)
at java.base/jdk.internal.reflect.DirectMethodHandleAccessor.invoke(DirectMethodHandleAccessor.java:104)
at java.base/java.lang.reflect.Method.invoke(Method.java:577)
at org.testng.internal.invokers.MethodInvocationHelper.invokeMethod(MethodInvocationHelper.java:139)
at org.testng.internal.invokers.TestInvoker.invokeMethod(TestInvoker.java:677)
at org.testng.internal.invokers.TestInvoker.invokeTestMethod(TestInvoker.java:221)
at org.testng.internal.invokers.MethodRunner.runInSequence(MethodRunner.java:50)
at org.testng.internal.invokers.TestInvoker$MethodInvocationAgent.invoke(TestInvoker.java:969)
at org.testng.internal.invokers.TestInvoker.invokeTestMethods(TestInvoker.java:194)
at org.testng.internal.invokers.TestMethodWorker.invokeTestMethods(TestMethodWorker.java:148)
at org.testng.internal.invokers.TestMethodWorker.run(TestMethodWorker.java:128)
at java.base/java.util.ArrayList.forEach(ArrayList.java:1511)
at org.testng.TestRunner.privateRun(TestRunner.java:829)
at org.testng.TestRunner.run(TestRunner.java:602)
at org.testng.SuiteRunner.runTest(SuiteRunner.java:437)
at org.testng.SuiteRunner.runSequentially(SuiteRunner.java:431)
at org.testng.SuiteRunner.privateRun(SuiteRunner.java:391)
at org.testng.SuiteRunner.run(SuiteRunner.java:330)
at org.testng.SuiteRunnerWorker.runSuite(SuiteRunnerWorker.java:52)
at org.testng.SuiteRunnerWorker.run(SuiteRunnerWorker.java:95)
at org.testng.TestNG.runSuitesSequentially(TestNG.java:1256)
at org.testng.TestNG.runSuitesLocally(TestNG.java:1176)
at org.testng.TestNG.runSuites(TestNG.java:1099)
at org.testng.TestNG.run(TestNG.java:1067)
at com.intellij.rt.testng.IDEARemoteTestNG.run(IDEARemoteTestNG.java:66)
at com.intellij.rt.testng.RemoteTestNGStarter.main(RemoteTestNGStarter.java:109)
]]>
            </full-stacktrace>
          </exception> <!-- java.lang.RuntimeException -->
          <reporter-output>
          </reporter-output>
        </test-method> <!-- addEmployeeTest -->
        <test-method is-config="true" signature="tearDown()[pri:0, instance:com.exelenter.testcases.AddEmployeeFromExcel@548a102f]" started-at="2023-03-10T21:09:42 MST" name="tearDown" finished-at="2023-03-10T21:09:44 MST" duration-ms="2492" status="PASS">
          <reporter-output>
          </reporter-output>
        </test-method> <!-- tearDown -->
        <test-method is-config="true" signature="setUp()[pri:0, instance:com.exelenter.testcases.AddEmployeeFromExcel@548a102f]" started-at="2023-03-10T21:09:44 MST" name="setUp" finished-at="2023-03-10T21:09:47 MST" duration-ms="2768" status="PASS">
          <reporter-output>
          </reporter-output>
        </test-method> <!-- setUp -->
        <test-method signature="addEmployeeTest(java.lang.String,java.lang.String,java.lang.String,java.lang.String)[pri:0, instance:com.exelenter.testcases.AddEmployeeFromExcel@548a102f]" started-at="2023-03-10T21:09:47 MST" name="addEmployeeTest" data-provider="readFromExcel" finished-at="2023-03-10T21:09:55 MST" duration-ms="8034" status="PASS">
          <params>
            <param index="0">
              <value>
                <![CDATA[John]]>
              </value>
            </param>
            <param index="1">
              <value>
                <![CDATA[Smith]]>
              </value>
            </param>
            <param index="2">
              <value>
                <![CDATA[johnSmith22]]>
              </value>
            </param>
            <param index="3">
              <value>
                <![CDATA[johnSmith_@2023!!!]]>
              </value>
            </param>
          </params>
          <reporter-output>
          </reporter-output>
        </test-method> <!-- addEmployeeTest -->
        <test-method is-config="true" signature="tearDown()[pri:0, instance:com.exelenter.testcases.AddEmployeeFromExcel@548a102f]" started-at="2023-03-10T21:09:55 MST" name="tearDown" finished-at="2023-03-10T21:09:58 MST" duration-ms="2478" status="PASS">
          <reporter-output>
          </reporter-output>
        </test-method> <!-- tearDown -->
      </class> <!-- com.exelenter.testcases.AddEmployeeFromExcel -->
    </test> <!-- TestNGFrameworkB1 -->
  </suite> <!-- Default Suite -->
</testng-results>
